<?xml version="1.0" encoding="UTF-8"?>
<!-- Generated by org.testng.reporters.JUnitReportReporter -->
<testsuite hostname="DESKTOP-QDIE35G" failures="0" tests="1" name="runners.TestRunner" time="17.574" errors="0" timestamp="2022-10-28T08:56:29 BST" skipped="0">
  <testcase classname="runners.TestRunner" name="runScenario" time="17.574"/>
  <system-out/>
</testsuite> <!-- runners.TestRunner -->
